<?xml version="1.0" encoding="UTF-8"?>
<!-- Generated by org.testng.reporters.JUnitReportReporter -->
<testsuite hostname="BWKWHKSTGPTL01" failures="0" tests="2" name="com.testCases.TestCase" time="101.605" errors="0" timestamp="2023-08-14T08:33:38 SAST" skipped="0">
  <testcase classname="com.testCases.TestCase" name="intelligentCapture" time="49.036"/>
  <system-out/>
  <testcase classname="com.testCases.TestCase" name="intelligentCapture" time="52.569"/>
  <system-out/>
</testsuite> <!-- com.testCases.TestCase -->
